<?xml version="1.0" encoding="UTF-8"?>
<!-- Generated by org.testng.reporters.JUnitXMLReporter -->
<<<<<<< HEAD
<testsuite hostname="PC" name="Default test" tests="1" failures="0" timestamp="31 Aug 2015 13:44:57 GMT" time="25.277" errors="0">
  <testcase name="DA_PANEL_TC041_TC" time="14.067" classname="dashboard.test_module.panel.DA_PANEL_TC041"/>
=======
<testsuite hostname="LGVN14944" name="Default test" tests="1" failures="0" timestamp="4 Sep 2015 18:43:56 GMT" time="0.036" errors="0">
  <testcase name="@BeforeClass beforeClass" time="0.0" classname="dashboard.test_module.panel.DA_PANEL_TC_061">
    <failure type="org.testng.TestNGException" message="
Parameter &amp;apos;browser&amp;apos; is required by @Configuration on method beforeClass but has not been marked @Optional or defined
in C:\Users\hai.vu\AppData\Local\Temp\testng-eclipse-146488294\testng-customsuite.xml">
      <![CDATA[org.testng.TestNGException: 
Parameter 'browser' is required by @Configuration on method beforeClass but has not been marked @Optional or defined
in C:\Users\hai.vu\AppData\Local\Temp\testng-eclipse-146488294\testng-customsuite.xml
	at org.testng.internal.Parameters.createParameters(Parameters.java:148)
	at org.testng.internal.Parameters.createParameters(Parameters.java:361)
	at org.testng.internal.Parameters.createConfigurationParameters(Parameters.java:84)
	at org.testng.internal.Invoker.invokeConfigurations(Invoker.java:199)
	at org.testng.internal.Invoker.invokeConfigurations(Invoker.java:140)
	at org.testng.internal.TestMethodWorker.invokeBeforeClassMethods(TestMethodWorker.java:170)
	at org.testng.internal.TestMethodWorker.run(TestMethodWorker.java:104)
	at org.testng.TestRunner.privateRun(TestRunner.java:771)
	at org.testng.TestRunner.run(TestRunner.java:621)
	at org.testng.SuiteRunner.runTest(SuiteRunner.java:357)
	at org.testng.SuiteRunner.runSequentially(SuiteRunner.java:352)
	at org.testng.SuiteRunner.privateRun(SuiteRunner.java:310)
	at org.testng.SuiteRunner.run(SuiteRunner.java:259)
	at org.testng.SuiteRunnerWorker.runSuite(SuiteRunnerWorker.java:52)
	at org.testng.SuiteRunnerWorker.run(SuiteRunnerWorker.java:86)
	at org.testng.TestNG.runSuitesSequentially(TestNG.java:1176)
	at org.testng.TestNG.runSuitesLocally(TestNG.java:1101)
	at org.testng.TestNG.run(TestNG.java:1009)
	at org.testng.remote.RemoteTestNG.run(RemoteTestNG.java:111)
	at org.testng.remote.RemoteTestNG.initAndRun(RemoteTestNG.java:204)
	at org.testng.remote.RemoteTestNG.main(RemoteTestNG.java:175)
]]>
    </failure>
  </testcase> <!-- @BeforeClass beforeClass -->
  <testcase name="@AfterClass afterClass" time="0.0" classname="dashboard.test_module.panel.DA_PANEL_TC_061">
    <skipped/>
  </testcase> <!-- @AfterClass afterClass -->
  <testcase name="main" time="0.01" classname="dashboard.test_module.panel.DA_PANEL_TC_061">
    <skipped/>
  </testcase> <!-- main -->
>>>>>>> branch 'master' of https://tnkhuong@bitbucket.org/tnkhuong/selenium_webdriver.git
</testsuite> <!-- Default test -->
